Copyright 1986-2016 Xilinx, Inc. All Rights Reserved.
------------------------------------------------------------------------------------
| Tool Version : Vivado v.2016.4 (win64) Build 1756540 Mon Jan 23 19:11:23 MST 2017
| Date         : Tue Jul 11 12:11:53 2017
| Host         : ANA00075 running 64-bit major release  (build 9200)
| Command      : report_control_sets -verbose -file s4_control_sets_placed.rpt
| Design       : s4
| Device       : xc7a35t
------------------------------------------------------------------------------------

Control Set Information

Table of Contents
-----------------
1. Summary
2. Flip-Flop Distribution
3. Detailed Control Set Information

1. Summary
----------

+----------------------------------------------------------+-------+
|                          Status                          | Count |
+----------------------------------------------------------+-------+
| Number of unique control sets                            |   273 |
| Unused register locations in slices containing registers |   825 |
+----------------------------------------------------------+-------+


2. Flip-Flop Distribution
-------------------------

+--------------+-----------------------+------------------------+-----------------+--------------+
| Clock Enable | Synchronous Set/Reset | Asynchronous Set/Reset | Total Registers | Total Slices |
+--------------+-----------------------+------------------------+-----------------+--------------+
| No           | No                    | No                     |              13 |            7 |
| No           | No                    | Yes                    |             939 |          342 |
| No           | Yes                   | No                     |             326 |           82 |
| Yes          | No                    | No                     |              25 |            8 |
| Yes          | No                    | Yes                    |            2064 |          685 |
| Yes          | Yes                   | No                     |             864 |          216 |
+--------------+-----------------------+------------------------+-----------------+--------------+


3. Detailed Control Set Information
-----------------------------------

+--------------------+-----------------------------------------------------------------------------+------------------------------------------------------------------------------------+------------------+----------------+
|    Clock Signal    |                                Enable Signal                                |                                  Set/Reset Signal                                  | Slice Load Count | Bel Load Count |
+--------------------+-----------------------------------------------------------------------------+------------------------------------------------------------------------------------+------------------+----------------+
|  MMC_CLK_IBUF_BUFG | mmc_tester_0/mmc_slave/mmc_1/sd_card_d_handler/blkcnt_reg                   | mmc_tester_0/syscon1/syscon1/crc_rst_n_reg                                         |                1 |              1 |
|  clkin             | hwdbg_uart/xmt1/txd_i_2_n_0                                                 | hwdbg_uart/xmt1/txd4_out                                                           |                1 |              1 |
|  clkin             | mmc_tester_0/syscon1/syscon1/argument_reg_reg[31][0]                        | mmc_tester_0/syscon1/syscon1/argument_reg_reg[31]_0[1]                             |                1 |              1 |
|  MMC_CLK_OBUF_BUFG | mmc_tester_0/sd_host_0/sd_data_host0/state[3]_i_1_n_0                       | mmc_tester_0/sd_host_0/cmd_host_0/resp_buff_reg[42]_0[0]                           |                1 |              1 |
|  MMC_CLK_IBUF_BUFG | mmc_tester_0/mmc_slave/mmc_1/cmd_receiver/cmd_raw_l[46]_i_1_n_0             | mmc_tester_0/syscon1/syscon1/dat_reg_reg[6]                                        |                1 |              1 |
|  MMC_CLK_OBUF_BUFG |                                                                             | mmc_tester_0/sd_host_0/cmd_host_0/AR[0]                                            |                1 |              1 |
|  clkin             | mmc_tester_0/syscon1/syscon1/csd_reg[109][3]                                | mmc_tester_0/syscon1/syscon1/rx_sr_reg[42]                                         |                1 |              1 |
|  MMC_CLK_OBUF_BUFG | mmc_tester_0/sd_host_0/sd_data_host0/E[0]                                   | mmc_tester_0/sd_host_0/cmd_host_0/resp_buff_reg[42]_0[0]                           |                1 |              1 |
|  clkin             | mmc_tester_0/syscon1/syscon1/csd_reg[109][2]                                | mmc_tester_0/syscon1/syscon1/rx_sr_reg[42]                                         |                1 |              1 |
| ~MMC_CLK_OBUF_BUFG |                                                                             | mmc_tester_0/sd_host_0/cmd_host_0/crc_bit_reg_0[1]                                 |                1 |              1 |
|  MMC_CLK_IBUF_BUFG | mmc_tester_0/mmc_slave/mmc_1/sd_card_d_handler/crc_status[3]_i_1_n_0        | mmc_tester_0/syscon1/syscon1/dat_reg_reg[6]                                        |                1 |              1 |
|  clkin             | mmc_tester_0/syscon1/syscon1/csd_reg[109][1]                                | mmc_tester_0/syscon1/syscon1/rx_sr_reg[42]                                         |                1 |              1 |
|  MMC_CLK_IBUF_BUFG | mmc_tester_0/mmc_slave/mmc_1/sd_card_d_handler/sd_dat_o[7]_i_1__0_n_0       | mmc_tester_0/syscon1/syscon1/crc_rst_n_reg                                         |                1 |              1 |
|  clkin             | mmc_tester_0/syscon1/syscon1/command[1]_i_1_n_0                             | mmc_tester_0/syscon1/syscon1/adr_sr_reg[0]_0                                       |                1 |              2 |
|  MMC_CLK_IBUF_BUFG | mmc_tester_0/mmc_slave/mmc_1/R1_responder/counter[6]_i_1__0_n_0             | mmc_tester_0/syscon1/syscon1/rx_sr_reg[41]                                         |                1 |              2 |
|  MMC_CLK_IBUF_BUFG | mmc_tester_0/mmc_slave/mmc_1/sd_card_d_handler/blk_prg_tmr[7]_i_1_n_0       | mmc_tester_0/syscon1/syscon1/crc_in_reg[0]                                         |                1 |              2 |
|  MMC_CLK_IBUF_BUFG |                                                                             |                                                                                    |                2 |              2 |
|  MMC_CLK_OBUF_BUFG | mmc_tester_0/sd_host_0/sd_data_host0/bus_size_reg                           | mmc_tester_0/sd_host_0/cmd_host_0/resp_buff_reg[42]_0[0]                           |                1 |              2 |
|  clkin             | mmc_tester_0/syscon1/syscon1/csd_reg[109][0]                                | mmc_tester_0/syscon1/syscon1/rx_sr_reg[42]                                         |                1 |              2 |
|  MMC_CLK_OBUF_BUFG | mmc_tester_0/sd_host_0/sd_data_host0/state[3]_i_1_n_0                       | mmc_tester_0/sd_host_0/sd_data_host0/AR[0]                                         |                3 |              3 |
|  clkin             | mmc_tester_0/syscon1/syscon1/status_reg[0][0]                               | mmc_tester_0/syscon1/syscon1/argument_reg_reg[31]_0[0]                             |                1 |              3 |
|  MMC_CLK_IBUF_BUFG | mmc_tester_0/mmc_slave/mmc_1/sd_card_d_handler/crc_status[3]_i_1_n_0        | mmc_tester_0/syscon1/syscon1/crc_rst_n_reg                                         |                1 |              3 |
|  MMC_CLK_IBUF_BUFG | mmc_tester_0/mmc_slave/mmc_1/sd_card_d_handler/last_din[7]_i_1__0_n_0       | mmc_tester_0/syscon1/syscon1/crc_rst_n_reg                                         |                1 |              3 |
|  MMC_CLK_IBUF_BUFG | mmc_tester_0/mmc_slave/mmc_1/cmd_receiver/crc0/rca_reg[0][0]                | mmc_tester_0/syscon1/syscon1/rx_sr_reg[41]                                         |                1 |              3 |
|  MMC_CLK_OBUF_BUFG | mmc_tester_0/sd_host_0/cmd_host_0/resp_idx                                  | mmc_tester_0/sd_host_0/cmd_host_0/crc_bit_reg_0[0]                                 |                1 |              3 |
|  clkin             | hwdbg_uart/rcv1/uart_wr_ctl_reg[2][31][7]                                   | mmc_tester_0/syscon1/syscon1/adr_sr_reg[0]_0                                       |                1 |              4 |
|  clkin             | hwdbg_uart/rcv1/uart_wr_ctl_reg[3][31]_0[0]                                 | mmc_tester_0/syscon1/syscon1/adr_sr_reg[0]_0                                       |                1 |              4 |
|  clkin             | hwdbg_uart/rcv1/uart_wr_ctl_reg[4][31][0]                                   | mmc_tester_0/syscon1/syscon1/adr_sr_reg[0]_0                                       |                2 |              4 |
|  clkin             | hwdbg_uart/rcv1/uart_wr_ctl_reg[4][31][1]                                   | mmc_tester_0/syscon1/syscon1/adr_sr_reg[0]_0                                       |                1 |              4 |
|  clkin             | hwdbg_uart/rcv1/uart_wr_ctl_reg[4][31][2]                                   | mmc_tester_0/syscon1/syscon1/adr_sr_reg[0]_0                                       |                1 |              4 |
|  MMC_CLK_OBUF_BUFG | mmc_tester_0/sd_host_0/sd_data_host0/E[0]                                   | mmc_tester_0/sd_host_0/cmd_host_0/crc_bit_reg_0[0]                                 |                1 |              4 |
|  clkin             | hwdbg_uart/rcv1/uart_wr_ctl_reg[4][31][3]                                   | mmc_tester_0/syscon1/syscon1/adr_sr_reg[0]_0                                       |                1 |              4 |
|  clkin             | hwdbg_uart/rcv1/uart_wr_ctl_reg[4][31][4]                                   | mmc_tester_0/syscon1/syscon1/adr_sr_reg[0]_0                                       |                1 |              4 |
|  clkin             | hwdbg_uart/rcv1/uart_wr_ctl_reg[4][31][5]                                   | mmc_tester_0/syscon1/syscon1/adr_sr_reg[0]_0                                       |                1 |              4 |
|  clkin             | hwdbg_uart/rcv1/uart_wr_ctl_reg[4][31][6]                                   | mmc_tester_0/syscon1/syscon1/adr_sr_reg[0]_0                                       |                1 |              4 |
|  clkin             | hwdbg_uart/rcv1/uart_wr_ctl_reg[4][31][7]                                   | mmc_tester_0/syscon1/syscon1/adr_sr_reg[0]_0                                       |                2 |              4 |
|  clkin             | hwdbg_uart/rcv1/uart_wr_ctl_reg[5][31][0]                                   | mmc_tester_0/syscon1/syscon1/adr_sr_reg[0]_0                                       |                2 |              4 |
|  clkin             | hwdbg_uart/rcv1/uart_wr_ctl_reg[5][31][1]                                   | mmc_tester_0/syscon1/syscon1/adr_sr_reg[0]_0                                       |                1 |              4 |
|  clkin             | hwdbg_uart/rcv1/uart_wr_ctl_reg[5][31][2]                                   | mmc_tester_0/syscon1/syscon1/adr_sr_reg[0]_0                                       |                1 |              4 |
|  clkin             | mmc_tester_0/syscon1/uart1/rx1/rx_bcnt_0                                    | mmc_tester_0/syscon1/syscon1/adr_sr_reg[0]_0                                       |                2 |              4 |
|  clkin             | hwdbg_uart/rcv1/uart_wr_ctl_reg[5][31][3]                                   | mmc_tester_0/syscon1/syscon1/adr_sr_reg[0]_0                                       |                1 |              4 |
|  MMC_CLK_IBUF_BUFG | mmc_tester_0/mmc_slave/mmc_1/cmd_receiver/crc0/card_state_reg[0][0]         | mmc_tester_0/syscon1/syscon1/rx_sr_reg[41]                                         |                3 |              4 |
|  MMC_CLK_IBUF_BUFG | mmc_tester_0/mmc_slave/mmc_1/cmd_receiver/crc0/card_state_reply_reg[3][0]   | mmc_tester_0/syscon1/syscon1/rx_sr_reg[41]                                         |                2 |              4 |
|  clkin             | hwdbg_uart/rcv1/uart_wr_ctl_reg[5][31][4]                                   | mmc_tester_0/syscon1/syscon1/adr_sr_reg[0]_0                                       |                1 |              4 |
|  clkin             | hwdbg_uart/rcv1/uart_wr_ctl_reg[5][31][5]                                   | mmc_tester_0/syscon1/syscon1/adr_sr_reg[0]_0                                       |                1 |              4 |
|  clkin             | hwdbg_uart/rcv1/uart_wr_ctl_reg[5][31][6]                                   | mmc_tester_0/syscon1/syscon1/adr_sr_reg[0]_0                                       |                1 |              4 |
|  clkin             | hwdbg_uart/rcv1/uart_wr_ctl_reg[5][31][7]                                   | mmc_tester_0/syscon1/syscon1/adr_sr_reg[0]_0                                       |                1 |              4 |
|  MMC_CLK_IBUF_BUFG | mmc_tester_0/mmc_slave/mmc_1/cmd_receiver/crc0/rca_reg[0][0]                | mmc_tester_0/syscon1/syscon1/rx_sr_reg_c_1                                         |                2 |              4 |
|  clkin             | hwdbg_uart/rcv1/uart_wr_ctl_reg[6][31][0]                                   | mmc_tester_0/syscon1/syscon1/adr_sr_reg[0]_0                                       |                1 |              4 |
|  clkin             | mmc_tester_0/auto_baud1/edge_count[3]_i_1_n_0                               | mmc_tester_0/syscon1/syscon1/adr_sr_reg[0]_0                                       |                1 |              4 |
|  clkin             | hwdbg_uart/rcv1/uart_wr_ctl_reg[6][31][1]                                   | mmc_tester_0/syscon1/syscon1/adr_sr_reg[0]_0                                       |                1 |              4 |
|  clkin             | hwdbg_uart/rcv1/uart_wr_ctl_reg[6][31][2]                                   | mmc_tester_0/syscon1/syscon1/adr_sr_reg[0]_0                                       |                1 |              4 |
|  clkin             | mmc_tester_0/syscon1/syscon1/dbg_spi_bytes_io_reg[0][0]                     | mmc_tester_0/syscon1/syscon1/adr_sr_reg[0]_0                                       |                2 |              4 |
|  clkin             | mmc_tester_0/syscon1/syscon1/dbg_spi_count_reg[0][0]                        |                                                                                    |                1 |              4 |
|  clkin             | hwdbg_uart/rcv1/uart_wr_ctl_reg[6][31][3]                                   | mmc_tester_0/syscon1/syscon1/adr_sr_reg[0]_0                                       |                1 |              4 |
|  clkin             | hwdbg_uart/rcv1/uart_wr_ctl_reg[6][31][4]                                   | mmc_tester_0/syscon1/syscon1/adr_sr_reg[0]_0                                       |                1 |              4 |
|  clkin             | hwdbg_uart/rcv1/uart_wr_ctl_reg[6][31][5]                                   | mmc_tester_0/syscon1/syscon1/adr_sr_reg[0]_0                                       |                1 |              4 |
|  clkin             | hwdbg_uart/rcv1/uart_wr_ctl_reg[6][31][6]                                   | mmc_tester_0/syscon1/syscon1/adr_sr_reg[0]_0                                       |                1 |              4 |
|  clkin             | hwdbg_uart/rcv1/uart_wr_ctl_reg[6][31][7]                                   | mmc_tester_0/syscon1/syscon1/adr_sr_reg[0]_0                                       |                2 |              4 |
|  clkin             | hwdbg_uart/xmt1/bit_count                                                   | hwdbg_uart/xmt1/bit_count[3]_i_1__0_n_0                                            |                2 |              4 |
|  clkin             | mmc_tester_0/syscon1/syscon1/csd_reg[109][3]                                | mmc_tester_0/syscon1/syscon1/crc_in_reg[0]                                         |                2 |              4 |
|  clkin             | hwdbg_uart/rcv1/uart_wr_ctl_reg[3][31]_0[1]                                 | mmc_tester_0/syscon1/syscon1/adr_sr_reg[0]_0                                       |                3 |              4 |
|  clkin             | mmc_tester_0/syscon1/syscon1/csd_reg[109][0]                                | mmc_tester_0/syscon1/syscon1/crc_in_reg[0]                                         |                3 |              4 |
|  MMC_CLK_IBUF_BUFG | mmc_tester_0/mmc_slave/mmc_1/sd_card_d_handler/state                        | mmc_tester_0/syscon1/syscon1/crc_rst_n_reg                                         |                2 |              4 |
|  clkin             | mmc_tester_0/syscon1/syscon1/csd_reg[109][1]                                | mmc_tester_0/syscon1/syscon1/crc_in_reg[0]                                         |                2 |              4 |
|  clkin             | mmc_tester_0/syscon1/syscon1/csd_reg[109][2]                                | mmc_tester_0/syscon1/syscon1/crc_in_reg[0]                                         |                2 |              4 |
|  clkin             | mmc_tester_0/syscon1/syscon1/blk_count_reg_reg[15][0]                       | mmc_tester_0/syscon1/syscon1/argument_reg_reg[31]_0[0]                             |                1 |              4 |
|  clkin             | syn_spi/dbg_spi_count_reg[0]                                                | mmc_tester_0/dbg_spi_count_reg[3]_0                                                |                1 |              4 |
|  clkin             | hwdbg_uart/rcv1/bit_count[3]_i_1_n_0                                        | mmc_tester_0/syscon1/syscon1/adr_sr_reg[0]_0                                       |                1 |              4 |
|  clkin             | hwdbg_uart/rcv1/E[0]                                                        | mmc_tester_0/syscon1/syscon1/adr_sr_reg[0]_0                                       |                2 |              4 |
|  clkin             | hwdbg_uart/rcv1/E[1]                                                        | mmc_tester_0/syscon1/syscon1/adr_sr_reg[0]_0                                       |                1 |              4 |
|  clkin             | hwdbg_uart/rcv1/E[2]                                                        | mmc_tester_0/syscon1/syscon1/adr_sr_reg[0]_0                                       |                1 |              4 |
|  clkin             | hwdbg_uart/rcv1/E[3]                                                        | mmc_tester_0/syscon1/syscon1/adr_sr_reg[0]_0                                       |                1 |              4 |
|  clkin             | hwdbg_uart/rcv1/E[4]                                                        | mmc_tester_0/syscon1/syscon1/adr_sr_reg[0]_0                                       |                1 |              4 |
|  clkin             | hwdbg_uart/rcv1/E[5]                                                        | mmc_tester_0/syscon1/syscon1/adr_sr_reg[0]_0                                       |                1 |              4 |
|  clkin             | hwdbg_uart/rcv1/E[6]                                                        | mmc_tester_0/syscon1/syscon1/adr_sr_reg[0]_0                                       |                1 |              4 |
|  clkin             | hwdbg_uart/rcv1/E[7]                                                        | mmc_tester_0/syscon1/syscon1/adr_sr_reg[0]_0                                       |                1 |              4 |
|  clkin             | hwdbg_uart/rcv1/uart_csr_addr_reg[0]_0[0]                                   |                                                                                    |                1 |              4 |
|  clkin             | hwdbg_uart/rcv1/uart_wr_ctl_reg[0][31][0]                                   | mmc_tester_0/syscon1/syscon1/adr_sr_reg[0]_0                                       |                1 |              4 |
|  clkin             | hwdbg_uart/rcv1/uart_wr_ctl_reg[0][31][1]                                   | mmc_tester_0/syscon1/syscon1/adr_sr_reg[0]_0                                       |                1 |              4 |
|  clkin             | hwdbg_uart/rcv1/uart_wr_ctl_reg[0][31][2]                                   | mmc_tester_0/syscon1/syscon1/adr_sr_reg[0]_0                                       |                1 |              4 |
|  clkin             | hwdbg_uart/rcv1/uart_wr_ctl_reg[0][31][3]                                   | mmc_tester_0/syscon1/syscon1/adr_sr_reg[0]_0                                       |                1 |              4 |
|  clkin             | hwdbg_uart/rcv1/uart_wr_ctl_reg[0][31][4]                                   | mmc_tester_0/syscon1/syscon1/adr_sr_reg[0]_0                                       |                1 |              4 |
|  clkin             | hwdbg_uart/rcv1/uart_wr_ctl_reg[0][31][5]                                   | mmc_tester_0/syscon1/syscon1/adr_sr_reg[0]_0                                       |                1 |              4 |
|  clkin             | hwdbg_uart/rcv1/uart_wr_ctl_reg[0][31][6]                                   | mmc_tester_0/syscon1/syscon1/adr_sr_reg[0]_0                                       |                1 |              4 |
|  clkin             | hwdbg_uart/rcv1/uart_wr_ctl_reg[0][31][7]                                   | mmc_tester_0/syscon1/syscon1/adr_sr_reg[0]_0                                       |                1 |              4 |
|  clkin             | hwdbg_uart/rcv1/uart_wr_ctl_reg[1][31][0]                                   | mmc_tester_0/syscon1/syscon1/adr_sr_reg[0]_0                                       |                1 |              4 |
|  clkin             | hwdbg_uart/rcv1/uart_wr_ctl_reg[1][31][1]                                   | mmc_tester_0/syscon1/syscon1/adr_sr_reg[0]_0                                       |                1 |              4 |
|  clkin             | hwdbg_uart/rcv1/uart_wr_ctl_reg[1][31][2]                                   | mmc_tester_0/syscon1/syscon1/adr_sr_reg[0]_0                                       |                1 |              4 |
|  clkin             | hwdbg_uart/rcv1/uart_wr_ctl_reg[1][31][3]                                   | mmc_tester_0/syscon1/syscon1/adr_sr_reg[0]_0                                       |                1 |              4 |
|  clkin             | hwdbg_uart/rcv1/uart_wr_ctl_reg[1][31][4]                                   | mmc_tester_0/syscon1/syscon1/adr_sr_reg[0]_0                                       |                1 |              4 |
|  clkin             | hwdbg_uart/rcv1/uart_wr_ctl_reg[1][31][5]                                   | mmc_tester_0/syscon1/syscon1/adr_sr_reg[0]_0                                       |                1 |              4 |
|  clkin             | hwdbg_uart/rcv1/uart_wr_ctl_reg[1][31][6]                                   | mmc_tester_0/syscon1/syscon1/adr_sr_reg[0]_0                                       |                1 |              4 |
|  clkin             | hwdbg_uart/rcv1/uart_wr_ctl_reg[1][31][7]                                   | mmc_tester_0/syscon1/syscon1/adr_sr_reg[0]_0                                       |                2 |              4 |
|  clkin             | hwdbg_uart/rcv1/uart_wr_ctl_reg[2][31][0]                                   | mmc_tester_0/syscon1/syscon1/adr_sr_reg[0]_0                                       |                1 |              4 |
|  clkin             | hwdbg_uart/rcv1/uart_wr_ctl_reg[2][31][1]                                   | mmc_tester_0/syscon1/syscon1/adr_sr_reg[0]_0                                       |                1 |              4 |
|  clkin             | hwdbg_uart/rcv1/uart_wr_ctl_reg[2][31][2]                                   | mmc_tester_0/syscon1/syscon1/adr_sr_reg[0]_0                                       |                1 |              4 |
|  clkin             | hwdbg_uart/rcv1/uart_wr_ctl_reg[2][31][3]                                   | mmc_tester_0/syscon1/syscon1/adr_sr_reg[0]_0                                       |                1 |              4 |
|  clkin             | hwdbg_uart/rcv1/uart_wr_ctl_reg[2][31][4]                                   | mmc_tester_0/syscon1/syscon1/adr_sr_reg[0]_0                                       |                2 |              4 |
|  MMC_CLK_OBUF_BUFG | mmc_tester_0/sd_host_0/sd_data_host0/bustest_00                             | mmc_tester_0/sd_host_0/cmd_host_0/crc_bit_reg_0[0]                                 |                2 |              4 |
|  MMC_CLK_OBUF_BUFG | mmc_tester_0/sd_host_0/sd_data_host0/bustest_00                             | mmc_tester_0/sd_host_0/cmd_host_0/crc_bit_reg_0[1]                                 |                2 |              4 |
|  clkin             | hwdbg_uart/rcv1/uart_wr_ctl_reg[2][31][5]                                   | mmc_tester_0/syscon1/syscon1/adr_sr_reg[0]_0                                       |                3 |              4 |
|  clkin             | hwdbg_uart/rcv1/uart_wr_ctl_reg[2][31][6]                                   | mmc_tester_0/syscon1/syscon1/adr_sr_reg[0]_0                                       |                1 |              4 |
|  clkin             | mmc_tester_0/syscon1/syscon1/csd_reg[109][2]                                | mmc_tester_0/syscon1/syscon1/argument_reg_reg[31]_0[1]                             |                2 |              5 |
|  clkin             | mmc_tester_0/syscon1/syscon1/csd_reg[109][0]                                | mmc_tester_0/syscon1/syscon1/argument_reg_reg[31]_0[1]                             |                3 |              5 |
|  clkin             | mmc_tester_0/syscon1/syscon1/argument_reg_reg[31][0]                        | mmc_tester_0/syscon1/syscon1/argument_reg_reg[31]_0[0]                             |                3 |              5 |
|  clkin             | mmc_tester_0/syscon1/syscon1/csd_reg[109][1]                                | mmc_tester_0/syscon1/syscon1/argument_reg_reg[31]_0[1]                             |                2 |              5 |
|  MMC_CLK_IBUF_BUFG | mmc_tester_0/mmc_slave/mmc_1/R1_responder/counter[6]_i_1__0_n_0             | mmc_tester_0/syscon1/syscon1/rx_sr_reg_c_1                                         |                2 |              5 |
|  clkin             | mmc_tester_0/tlm_fifo_unit/E[0]                                             | mmc_tester_0/syscon1/syscon1/adr_sr_reg[0]_0                                       |                1 |              5 |
|  MMC_CLK_IBUF_BUFG | mmc_tester_0/mmc_slave/mmc_1/sd_card_d_handler/crc_c[4]_i_1__0_n_0          | mmc_tester_0/syscon1/syscon1/crc_rst_n_reg                                         |                3 |              5 |
|  clkin             | mmc_tester_0/syscon1/syscon1/csd_reg[109][3]                                | mmc_tester_0/syscon1/syscon1/argument_reg_reg[31]_0[1]                             |                1 |              5 |
|  clkin             | mmc_tester_0/syscon1/syscon1/msg_pointer[4]_i_1_n_0                         | mmc_tester_0/syscon1/syscon1/adr_sr_reg[0]_0                                       |                4 |              5 |
|  clkin             | mmc_tester_0/syscon1/syscon1/cmd_int_enable_reg_reg[4][0]                   | mmc_tester_0/syscon1/syscon1/dma_adr_reg_reg[0][0]                                 |                4 |              5 |
|  MMC_CLK_IBUF_BUFG | mmc_tester_0/mmc_slave/mmc_1/sd_card_d_handler/last_din[7]_i_1__0_n_0       | mmc_tester_0/syscon1/syscon1/dat_reg_reg[6]                                        |                2 |              5 |
|  clkin             | mmc_tester_0/syscon1/syscon1/fsm_state[4]_i_1_n_0                           | mmc_tester_0/syscon1/syscon1/adr_sr_reg[0]_0                                       |                5 |              5 |
|  clkin             | mmc_tester_0/syscon1/syscon1/status_reg[0][0]                               | mmc_tester_0/syscon1/syscon1/rx_sr_reg_c_1                                         |                1 |              5 |
|  MMC_CLK_OBUF_BUFG | mmc_tester_0/sd_host_0/sd_data_host0/crc_c                                  | mmc_tester_0/sd_host_0/cmd_host_0/resp_buff_reg[42]_0[0]                           |                2 |              5 |
|  MMC_CLK_OBUF_BUFG | mmc_tester_0/sd_host_0/sd_data_host0/blkcnt_reg                             | mmc_tester_0/sd_host_0/sd_data_host0/AR[0]                                         |                1 |              5 |
|  MMC_CLK_IBUF_BUFG | mmc_tester_0/mmc_slave/mmc_1/cmd_receiver/counter[5]_i_1__0_n_0             | mmc_tester_0/syscon1/syscon1/argument_reg_reg[31]_0[1]                             |                3 |              6 |
|  clkin             | hwdbg_uart/tx_load                                                          | mmc_tester_0/syscon1/syscon1/adr_sr_reg[0]_0                                       |                2 |              6 |
|  MMC_CLK_IBUF_BUFG | mmc_tester_0/mmc_slave/mmc_1/sd_card_d_handler/blk_prg_tmr[7]_i_1_n_0       | mmc_tester_0/syscon1/syscon1/crc_rst_n_reg                                         |                3 |              6 |
|  clkin             | hwdbg_uart/xmt1/tx_stb                                                      | mmc_tester_0/syscon1/syscon1/adr_sr_reg[0]_0                                       |                1 |              6 |
|  clkin             | mmc_tester_0/syscon1/syscon1/csd_reg[109][0]                                | mmc_tester_0/syscon1/syscon1/argument_reg_reg[31]_0[2]                             |                3 |              6 |
|  clkin             | mmc_tester_0/syscon1/syscon1/cmd_index_reg_reg[5][0]                        | mmc_tester_0/syscon1/syscon1/dma_adr_reg_reg[0][0]                                 |                2 |              6 |
|  MMC_CLK_IBUF_BUFG | mmc_tester_0/mmc_slave/mmc_1/cmd_receiver/crc0/dreply_start_count_reg[0][0] | mmc_tester_0/syscon1/syscon1/crc_in_reg[0]                                         |                2 |              6 |
|  MMC_CLK_IBUF_BUFG | mmc_tester_0/mmc_slave/mmc_1/R3_responder/counter[5]_i_1__4_n_0             | mmc_tester_0/syscon1/syscon1/rx_sr_reg_c_1                                         |                3 |              6 |
|  MMC_CLK_IBUF_BUFG | mmc_tester_0/test_cmd_receiver/counter[5]_i_1__5_n_0                        | mmc_tester_0/syscon1/syscon1/adr_sr_reg[0]_0                                       |                2 |              6 |
|  MMC_CLK_IBUF_BUFG | mmc_tester_0/mmc_slave/mmc_1/R2_CSD_responder/crc0/crc[6]_i_1__4_n_0        | mmc_tester_0/syscon1/syscon1/argument_reg_reg[31]_0[1]                             |                2 |              7 |
|  clkin             | mmc_tester_0/syscon1/syscon1/csd_reg[109][0]                                | mmc_tester_0/syscon1/syscon1/argument_reg_reg[31]_0[0]                             |                3 |              7 |
|  clkin             | hwdbg_uart/tx_char[6]_i_1_n_0                                               | mmc_tester_0/syscon1/syscon1/adr_sr_reg[0]_0                                       |                5 |              7 |
|  clkin             | mmc_tester_0/syscon1/syscon1/csd_reg[109][3]                                | mmc_tester_0/syscon1/syscon1/argument_reg_reg[31]_0[0]                             |                2 |              7 |
|  MMC_CLK_IBUF_BUFG | mmc_tester_0/mmc_slave/mmc_1/R2_CID_responder/crc0/crc[6]_i_1__3_n_0        | mmc_tester_0/syscon1/syscon1/argument_reg_reg[31]_0[1]                             |                1 |              7 |
|  clkin             | mmc_tester_0/syscon1/syscon1/csd_reg[109][1]                                | mmc_tester_0/syscon1/syscon1/argument_reg_reg[31]_0[2]                             |                2 |              7 |
|  MMC_CLK_IBUF_BUFG | mmc_tester_0/test_cmd_receiver/ignore_counter                               | mmc_tester_0/syscon1/syscon1/adr_sr_reg[0]_0                                       |                2 |              7 |
|  clkin             | mmc_tester_0/syscon1/syscon1/cmd_ptr_reg[6]_i_1_n_0                         | mmc_tester_0/syscon1/syscon1/adr_sr_reg[0]_0                                       |                4 |              7 |
|  clkin             | mmc_tester_0/syscon1/syscon1/csd_reg[109][3]                                | mmc_tester_0/syscon1/syscon1/argument_reg_reg[31]_0[2]                             |                3 |              7 |
|  MMC_CLK_IBUF_BUFG | mmc_tester_0/mmc_slave/mmc_1/cmd_receiver/crc0/dsr_reg[0][0]                | mmc_tester_0/syscon1/syscon1/argument_reg_reg[31]_0[0]                             |                2 |              7 |
|  MMC_CLK_OBUF_BUFG | mmc_tester_0/sd_host_0/cmd_host_0/crc_enable_reg_n_0                        | mmc_tester_0/sd_host_0/cmd_host_0/crc0/crc[6]_i_1__0_n_0                           |                2 |              7 |
|  clkin             | mmc_tester_0/syscon1/syscon1/csd_reg[109][2]                                | mmc_tester_0/syscon1/syscon1/argument_reg_reg[31]_0[2]                             |                2 |              7 |
|  clkin             | mmc_tester_0/syscon1/syscon1/csd_reg[109][2]                                | mmc_tester_0/syscon1/syscon1/argument_reg_reg[31]_0[0]                             |                1 |              7 |
|  MMC_CLK_IBUF_BUFG | mmc_tester_0/mmc_slave/mmc_1/sd_card_d_handler/sd_dat_o[7]_i_1__0_n_0       | mmc_tester_0/syscon1/syscon1/argument_reg_reg[31]_0[2]                             |                4 |              7 |
|  MMC_CLK_IBUF_BUFG | mmc_tester_0/mmc_slave/mmc_1/R1_responder/crc0/crc[6]_i_1__2_n_0            | mmc_tester_0/syscon1/syscon1/rx_sr_reg_c_1                                         |                3 |              7 |
|  clkin             | mmc_tester_0/syscon1/syscon1/csd_reg[109][1]                                | mmc_tester_0/syscon1/syscon1/argument_reg_reg[31]_0[0]                             |                1 |              7 |
|  clkin             | hwdbg_uart/xmt1/tbr[7]_i_1_n_0                                              | mmc_tester_0/syscon1/syscon1/adr_sr_reg[0]_0                                       |                3 |              8 |
|  clkin             | mmc_tester_0/E[0]                                                           |                                                                                    |                2 |              8 |
|  clkin             | mmc_tester_0/syscon1/syscon1/dbg_spi_dataD_o0                               | mmc_tester_0/syscon1/syscon1/dbg_spi_dataD_o_reg[7]                                |                2 |              8 |
|  clkin             | hwdbg_uart/rcv1/dout                                                        | mmc_tester_0/syscon1/syscon1/adr_sr_reg[0]_0                                       |                2 |              8 |
|  clkin             | mmc_tester_0/syscon1/syscon1/dbg_spi_dataC_o0                               | mmc_tester_0/syscon1/syscon1/dbg_spi_dataC_o_reg[7]                                |                2 |              8 |
|  clkin             | mmc_tester_0/syscon1/syscon1/status_reg[0][0]                               | mmc_tester_0/syscon1/syscon1/wb_rst_i                                              |                4 |              8 |
|  clkin             | mmc_tester_0/syscon1/syscon1/dbg_spi_data4_o0                               | mmc_tester_0/syscon1/syscon1/dbg_spi_data4_o_reg[7]                                |                2 |              8 |
|  clkin             | mmc_tester_0/syscon1/syscon1/dbg_spi_data3_o0                               | mmc_tester_0/syscon1/syscon1/dbg_spi_data3_o_reg[7]                                |                2 |              8 |
|  MMC_CLK_IBUF_BUFG | mmc_tester_0/t_rx_dat_count                                                 | mmc_tester_0/syscon1/syscon1/adr_sr_reg[0]_0                                       |                3 |              8 |
|  clkin             | mmc_tester_0/syscon1/syscon1/dbg_spi_data2_o0                               | mmc_tester_0/syscon1/syscon1/dbg_spi_data2_o_reg[7]                                |                2 |              8 |
|  clkin             | mmc_tester_0/syscon1/syscon1/t_rx_cmd_filter_reg[0][0]                      | mmc_tester_0/syscon1/syscon1/adr_sr_reg[0]_0                                       |                3 |              8 |
|  MMC_CLK_IBUF_BUFG | mmc_tester_0/mmc_slave/mmc_1/R2_CID_responder/counter[7]_i_1__0_n_0         | mmc_tester_0/syscon1/syscon1/argument_reg_reg[31]_0[1]                             |                3 |              8 |
|  clkin             | mmc_tester_0/syscon1/syscon1/dbg_spi_data1_o0                               | mmc_tester_0/syscon1/syscon1/dbg_spi_data1_o_reg[7]                                |                3 |              8 |
|  clkin             | mmc_tester_0/syscon1/syscon1/dbg_spi_data0_o0                               | mmc_tester_0/syscon1/syscon1/dbg_spi_data0_o_reg[7]                                |                1 |              8 |
|  clkin             | mmc_tester_0/syscon1/syscon1/dbg_spi_data9_o_reg[7]_0                       | mmc_tester_0/syscon1/syscon1/dbg_spi_data9_o_reg[7]                                |                2 |              8 |
|  MMC_CLK_IBUF_BUFG | mmc_tester_0/mmc_slave/mmc_1/sd_card_d_handler/crc_in[7]_i_1_n_0            | mmc_tester_0/syscon1/syscon1/crc_in_reg[0]                                         |                4 |              8 |
|  clkin             | mmc_tester_0/syscon1/syscon1/dbg_spi_dataA_o0                               | mmc_tester_0/syscon1/syscon1/dbg_spi_dataA_o_reg[7]                                |                2 |              8 |
|  clkin             | mmc_tester_0/syscon1/syscon1/dbg_spi_data7_o0                               | mmc_tester_0/syscon1/syscon1/dbg_spi_data7_o_reg[7]                                |                2 |              8 |
|  MMC_CLK_OBUF_BUFG |                                                                             | mmc_tester_0/sd_host_0/sd_data_host0/dat_reg[7]_i_1_n_0                            |                2 |              8 |
|  MMC_CLK_IBUF_BUFG | mmc_tester_0/mmc_slave/mmc_1/sd_card_d_handler/bustest_1[7]_i_1__0_n_0      | mmc_tester_0/syscon1/syscon1/dat_reg_reg[6]                                        |                2 |              8 |
|  MMC_CLK_IBUF_BUFG | mmc_tester_0/mmc_slave/mmc_1/sd_card_d_handler/bustest_00                   | mmc_tester_0/syscon1/syscon1/crc_rst_n_reg                                         |                4 |              8 |
|  clkin             | mmc_tester_0/syscon1/syscon1/dbg_spi_dataB_o_reg[7]_0                       | mmc_tester_0/syscon1/syscon1/dbg_spi_dataB_o_reg[7]                                |                3 |              8 |
|  MMC_CLK_IBUF_BUFG | mmc_tester_0/mmc_slave/mmc_1/R2_CSD_responder/counter[7]_i_1__1_n_0         | mmc_tester_0/syscon1/syscon1/argument_reg_reg[31]_0[1]                             |                3 |              8 |
|  clkin             | hwdbg_uart/rcv1/p_1_out[7]                                                  | mmc_tester_0/syscon1/syscon1/adr_sr_reg[0]_0                                       |                3 |              8 |
|  clkin             | mmc_tester_0/syscon1/uart1/rx1/rx_sr[0]                                     | mmc_tester_0/syscon1/syscon1/adr_sr_reg[0]_0                                       |                2 |              8 |
|  clkin             | mmc_tester_0/syscon1/syscon1/csd_reg[109][2]                                | mmc_tester_0/syscon1/syscon1/wb_rst_i                                              |                3 |              8 |
|  clkin             | mmc_tester_0/syscon1/syscon1/dbg_spi_data8_o0                               | mmc_tester_0/syscon1/syscon1/dbg_spi_data8_o_reg[7]                                |                2 |              8 |
|  clkin             | mmc_tester_0/syscon1/syscon1/dbg_spi_data5_o0                               | mmc_tester_0/syscon1/syscon1/dbg_spi_data5_o_reg[7]                                |                2 |              8 |
|  clkin             | mmc_tester_0/syscon1/uart1/rx1/rx_dat_o[7]_i_1_n_0                          | mmc_tester_0/syscon1/syscon1/adr_sr_reg[0]_0                                       |                2 |              8 |
|  clkin             | syn_spi/data_q[7]_i_1_n_0                                                   | mmc_tester_0/syscon1/syscon1/adr_sr_reg[0]_0                                       |                1 |              8 |
|  MMC_CLK_OBUF_BUFG | mmc_tester_0/sd_host_0/sd_data_host0/bustest_1[7]_i_1_n_0                   | mmc_tester_0/sd_host_0/sd_data_host0/AR[0]                                         |                3 |              8 |
|  MMC_CLK_IBUF_BUFG | mmc_tester_0/mmc_slave/mmc_1/cmd_receiver/cmd_raw_l[46]_i_1_n_0             | mmc_tester_0/syscon1/syscon1/argument_reg_reg[31]_0[1]                             |                5 |              8 |
|  clkin             | mmc_tester_0/syscon1/syscon1/csd_reg[109][0]                                | mmc_tester_0/syscon1/syscon1/wb_rst_i                                              |                4 |              8 |
|  MMC_CLK_OBUF_BUFG | mmc_tester_0/sd_host_0/sd_data_host0/crc_in[7]_i_1__0_n_0                   | mmc_tester_0/sd_host_0/cmd_host_0/crc_bit_reg_0[0]                                 |                3 |              8 |
|  MMC_CLK_OBUF_BUFG | mmc_tester_0/sd_host_0/sd_data_host0/last_din[7]_i_1_n_0                    | mmc_tester_0/sd_host_0/sd_data_host0/AR[0]                                         |                3 |              8 |
|  MMC_CLK_OBUF_BUFG | mmc_tester_0/sd_host_0/sd_data_host0/sd_dat_o[7]_i_1_n_0                    | mmc_tester_0/sd_host_0/cmd_host_0/crc_bit_reg_0[1]                                 |                3 |              8 |
|  clkin             | mmc_tester_0/syscon1/syscon1/csd_reg[109][1]                                | mmc_tester_0/syscon1/syscon1/wb_rst_i                                              |                4 |              8 |
|  clkin             | mmc_tester_0/syscon1/syscon1/csd_reg[109][3]                                | mmc_tester_0/syscon1/syscon1/wb_rst_i                                              |                4 |              8 |
|  clkin             | mmc_tester_0/syscon1/syscon1/dbg_spi_data6_o0                               | mmc_tester_0/syscon1/syscon1/dbg_spi_data6_o_reg[7]                                |                2 |              8 |
|  clkin             | input_opcodes/wr_row[8]_i_1__0_n_0                                          | mmc_tester_0/syscon1/syscon1/adr_sr_reg[0]_0                                       |                3 |              9 |
|  MMC_CLK_IBUF_BUFG | mmc_tester_0/mmc_slave/mmc_1/cmd_receiver/crc0/dsr_reg[0][0]                | mmc_tester_0/syscon1/syscon1/wb_rst_i                                              |                3 |              9 |
|  MMC_CLK_IBUF_BUFG | mmc_tester_0/mmc_slave/mmc_1/cmd_receiver/crc0/rca_reg[0][0]                | mmc_tester_0/syscon1/syscon1/dat_reg_reg[6]                                        |                3 |              9 |
|  MMC_CLK_IBUF_BUFG | mmc_tester_0/mmc_slave/mmc_1/cmd_receiver/cmd_raw_l[46]_i_1_n_0             | mmc_tester_0/syscon1/syscon1/rx_sr_reg[42]                                         |                4 |              9 |
|  MMC_CLK_IBUF_BUFG | mmc_tester_0/mmc_slave/mmc_1/sd_card_d_handler/E[0]                         | mmc_tester_0/syscon1/syscon1/crc_rst_n_reg                                         |                4 |              9 |
|  MMC_CLK_OBUF_BUFG | mmc_tester_0/sd_host_0/sd_data_host0/E[0]                                   | mmc_tester_0/sd_host_0/sd_data_host0/AR[0]                                         |                2 |              9 |
|  clkin             | sys_rst_n                                                                   |                                                                                    |                4 |              9 |
|  clkin             | mmc_tester_0/syscon1/syscon1/ext_csd_reg_adr_reg[0][0]                      | mmc_tester_0/syscon1/syscon1/wb_rst_i                                              |                2 |              9 |
|  clkin             | mmc_tester_0/syscon1/syscon1/status_reg[0][0]                               | mmc_tester_0/syscon1/syscon1/dat_reg_reg[6]                                        |                2 |              9 |
|  clkin             | input_opcodes/rd_row[8]_i_1__0_n_0                                          | mmc_tester_0/syscon1/syscon1/adr_sr_reg[0]_0                                       |                2 |              9 |
|  MMC_CLK_IBUF_BUFG |                                                                             | mmc_tester_0/syscon1/syscon1/crc_rst_n_reg                                         |                8 |             10 |
|  clkin             | mmc_tester_0/syscon1/syscon1/dbg_enables_o_reg[0]                           | mmc_tester_0/syscon1/syscon1/adr_sr_reg[0]_0                                       |                4 |             10 |
|  clkin             | mmc_tester_0/syscon1/syscon1/watchdog_timer_count[10]_i_1_n_0               | mmc_tester_0/syscon1/syscon1/adr_sr_reg[0]_0                                       |                3 |             11 |
|  MMC_CLK_OBUF_BUFG | mmc_tester_0/sd_host_0/sd_data_host0/blkcnt_reg                             | mmc_tester_0/sd_host_0/cmd_host_0/crc_bit_reg_0[0]                                 |                4 |             11 |
|  MMC_CLK_OBUF_BUFG | mmc_tester_0/sd_host_0/cmd_host_0/counter[31]_i_1_n_0                       | mmc_tester_0/sd_host_0/cmd_host_0/crc_bit_reg_0[1]                                 |                4 |             12 |
|  clkin             | mmc_tester_0/syscon1/syscon1/argument_reg_reg[31][0]                        | mmc_tester_0/syscon1/syscon1/dma_adr_reg_reg[0][0]                                 |                3 |             12 |
|  clkin             | mmc_tester_0/syscon1/syscon1/blk_size_reg_reg[11][0]                        | mmc_tester_0/syscon1/syscon1/dma_adr_reg_reg[0][0]                                 |                3 |             12 |
|  MMC_CLK_IBUF_BUFG | mmc_tester_0/mmc_slave/mmc_1/cmd_receiver/crc0/E[0]                         | mmc_tester_0/syscon1/syscon1/crc_rst_n_reg                                         |                4 |             12 |
|  clkin             |                                                                             |                                                                                    |                6 |             12 |
|  clkin             | hwdbg_uart/tx_fifo_reg_0_63_0_2_i_1_n_0                                     |                                                                                    |                3 |             12 |
|  MMC_CLK_IBUF_BUFG |                                                                             | mmc_tester_0/syscon1/syscon1/rx_sr_reg[41]                                         |                6 |             12 |
|  clkin             | mmc_tester_0/syscon1/syscon1/blk_count_reg_reg[15][0]                       | mmc_tester_0/syscon1/syscon1/dma_adr_reg_reg[0][0]                                 |                4 |             12 |
|  clkin             | mmc_tester_0/auto_baud1/target_bit_count                                    | mmc_tester_0/syscon1/syscon1/adr_sr_reg[0]_0                                       |                3 |             13 |
|  clkin             | mmc_tester_0/syscon1/uart1/tx1/tx_bcnt[3]_i_1_n_0                           | mmc_tester_0/syscon1/syscon1/adr_sr_reg[0]_0                                       |                4 |             13 |
|  MMC_CLK_IBUF_BUFG | mmc_tester_0/dbus_active_count                                              | mmc_tester_0/syscon1/syscon1/adr_sr_reg[0]_0                                       |                7 |             13 |
|  clkin             |                                                                             | mmc_tester_0/syscon1/syscon1/dma_adr_reg_reg[0][0]                                 |                6 |             13 |
|  clkin             | mmc_tester_0/auto_baud1/half_measurement[13]_i_1_n_0                        | mmc_tester_0/syscon1/syscon1/adr_sr_reg[0]_0                                       |                6 |             14 |
|  clkin             | mmc_tester_0/syscon1/uart1/rx1/baud_timer_reg[0]_0                          | mmc_tester_0/syscon1/syscon1/adr_sr_reg[0]_0                                       |                4 |             14 |
|  clkin             | mmc_tester_0/syscon1/uart1/tx1/E[0]                                         | mmc_tester_0/syscon1/syscon1/adr_sr_reg[0]_0                                       |                2 |             14 |
|  MMC_CLK_OBUF_BUFG | mmc_tester_0/sd_host_0/cmd_host_0/timeout_reg                               | mmc_tester_0/sd_host_0/cmd_host_0/crc_bit_reg_0[0]                                 |                3 |             14 |
|  clkin             | mmc_tester_0/auto_baud1/measurement[13]_i_1_n_0                             | mmc_tester_0/syscon1/syscon1/adr_sr_reg[0]_0                                       |                4 |             14 |
|  clkin             | mmc_tester_0/syscon1/syscon1/argument_reg_reg[31][0]                        | mmc_tester_0/syscon1/syscon1/argument_reg_reg[31]_0[2]                             |                4 |             14 |
|  MMC_CLK_IBUF_BUFG | mmc_tester_0/mmc_slave/mmc_1/cmd_receiver/crc0/card_adr_reg[0][0]           | mmc_tester_0/syscon1/syscon1/rx_sr_reg[41]                                         |                4 |             14 |
|  clkin             | mmc_tester_0/auto_baud1/baud_lock0_in                                       | mmc_tester_0/syscon1/syscon1/adr_sr_reg[0]_0                                       |                5 |             15 |
|  MMC_CLK_IBUF_BUFG | mmc_tester_0/mmc_slave/mmc_1/sd_card_d_handler/blkcnt_reg                   | mmc_tester_0/syscon1/syscon1/dat_reg_reg[6]                                        |                6 |             15 |
|  clkin             | mmc_tester_0/tlm_fifo_unit/wr_row[14]_i_1_n_0                               | mmc_tester_0/syscon1/syscon1/adr_sr_reg[0]_0                                       |                2 |             15 |
|  clkin             | mmc_tester_0/tlm_fifo_unit/rd_row[14]_i_1_n_0                               | mmc_tester_0/syscon1/syscon1/adr_sr_reg[0]_0                                       |                3 |             15 |
|  clkin             | mmc_tester_0/auto_baud1/baud_lock                                           | mmc_tester_0/syscon1/syscon1/adr_sr_reg[0]_0                                       |                5 |             15 |
|  MMC_CLK_OBUF_BUFG | mmc_tester_0/sd_host_0/sd_data_host0/bus_size_reg                           | mmc_tester_0/sd_host_0/sd_data_host0/AR[0]                                         |                4 |             15 |
|  MMC_CLK_IBUF_BUFG | mmc_tester_0/mmc_slave/mmc_1/sd_card_d_handler/transf_cnt[15]_i_1__0_n_0    | mmc_tester_0/syscon1/syscon1/crc_rst_n_reg                                         |                4 |             16 |
|  MMC_CLK_OBUF_BUFG | mmc_tester_0/sd_host_0/sd_data_host0/transf_cnt[15]_i_1_n_0                 | mmc_tester_0/sd_host_0/sd_data_host0/AR[0]                                         |               10 |             16 |
|  clkin             | mmc_tester_0/syscon1/syscon1/cmd_buffer_reg_0_127_0_0_i_1_n_0               |                                                                                    |                4 |             16 |
|  clkin             | mmc_tester_0/syscon1/syscon1/adr_offset[15]_i_1_n_0                         | mmc_tester_0/syscon1/syscon1/adr_sr_reg[0]_0                                       |                3 |             16 |
|  MMC_CLK_IBUF_BUFG | mmc_tester_0/mmc_slave/mmc_1/cmd_receiver/crc0/card_block_count_reg[0][0]   | mmc_tester_0/syscon1/syscon1/rx_sr_reg[41]                                         |                3 |             16 |
|  clkin             | mmc_tester_0/syscon1/syscon1/qty_sr[15]_i_1_n_0                             | mmc_tester_0/syscon1/syscon1/adr_sr_reg[0]_0                                       |                3 |             16 |
|  clkin             | mmc_tester_0/s_fif_dat_wr_clear_reg_n_0                                     | mmc_tester_0/syscon1/syscon1/argument_reg_reg[31]_0[2]                             |                5 |             17 |
|  MMC_CLK_IBUF_BUFG | mmc_tester_0/mmc_slave/mmc_1/sd_card_d_handler/data_cycles_reg[14]_0[0]     | mmc_tester_0/syscon1/syscon1/crc_rst_n_reg                                         |                5 |             17 |
|  MMC_CLK_IBUF_BUFG | mmc_tester_0/mmc_slave/fifo_from_mmc/we_a_i                                 | mmc_tester_0/syscon1/syscon1/rx_sr_reg[41]                                         |                5 |             17 |
|  clkin             | mmc_tester_0/s_fif_dat_rd_clear_reg_n_0                                     | mmc_tester_0/syscon1/syscon1/rx_sr_reg[41]                                         |                5 |             17 |
|  MMC_CLK_IBUF_BUFG | mmc_tester_0/mmc_slave/fifo_to_mmc/rd_row[0]_i_1__1_n_0                     | mmc_tester_0/syscon1/syscon1/argument_reg_reg[31]_0[2]                             |                5 |             17 |
|  MMC_CLK_IBUF_BUFG | mmc_tester_0/mmc_slave/mmc_1/cmd_receiver/crc0/card_adr_reg[0][0]           | mmc_tester_0/syscon1/syscon1/crc_rst_n_reg                                         |                5 |             18 |
|  clkin             | mmc_tester_0/syscon1/syscon1/E[0]                                           | mmc_tester_0/syscon1/syscon1/dma_adr_reg_reg[0][0]                                 |                7 |             19 |
|  MMC_CLK_OBUF_BUFG |                                                                             | mmc_tester_0/sd_host_0/cmd_host_0/crc_bit_reg_0[0]                                 |                7 |             19 |
|  MMC_CLK_IBUF_BUFG | mmc_tester_0/mmc_slave/mmc_1/cmd_receiver/cmd_raw_l[46]_i_1_n_0             | mmc_tester_0/syscon1/syscon1/rx_sr_reg_c_1                                         |                9 |             21 |
|  MMC_CLK_OBUF_BUFG | mmc_tester_0/sd_host_0/cmd_host_0/counter[31]_i_1_n_0                       | mmc_tester_0/sd_host_0/cmd_host_0/crc_bit_reg_0[0]                                 |                8 |             21 |
|  MMC_CLK_OBUF_BUFG |                                                                             | mmc_tester_0/sd_host_0/sd_data_host0/AR[0]                                         |               15 |             23 |
|  clkin             | mmc_tester_0/tlm_1us_unit/tlm_1us_pulse                                     | mmc_tester_0/syscon1/syscon1/adr_sr_reg[0]_0                                       |                6 |             24 |
|  MMC_CLK_IBUF_BUFG | mmc_tester_0/mmc_slave/mmc_1/cmd_receiver/crc0/prg_dly_count_reg[0][0]      | mmc_tester_0/syscon1/syscon1/rx_sr_reg[41]                                         |                8 |             24 |
|  MMC_CLK_OBUF_BUFG | mmc_tester_0/sd_host_0/cmd_host_0/resp_idx                                  | mmc_tester_0/sd_host_0/sd_data_host0/AR[0]                                         |               13 |             29 |
|  MMC_CLK_IBUF_BUFG |                                                                             | mmc_tester_0/syscon1/syscon1/argument_reg_reg[31]_0[0]                             |                7 |             31 |
|  MMC_CLK_IBUF_BUFG |                                                                             | mmc_tester_0/syscon1/syscon1/argument_reg_reg[31]_0[2]                             |                6 |             31 |
|  clkin             |                                                                             | mmc_tester_0/sd_host_0/cmd_host_0/crc_bit_reg_0[0]                                 |                8 |             32 |
|  clkin             | mmc_tester_0/tlm_r10_dat0                                                   | mmc_tester_0/syscon1/syscon1/adr_sr_reg[0]_0                                       |               13 |             32 |
|  MMC_CLK_IBUF_BUFG | mmc_tester_0/test_cmd_receiver/t_rx_cmd_crc_bdcount_reg[31]                 | mmc_tester_0/syscon1/syscon1/adr_sr_reg[0]_0                                       |                8 |             32 |
|  clkin             | mmc_tester_0/syscon1/syscon1/display_adr_sr[31]_i_1_n_0                     | mmc_tester_0/syscon1/syscon1/adr_sr_reg[0]_0                                       |               13 |             32 |
|  MMC_CLK_IBUF_BUFG | mmc_tester_0/test_cmd_receiver/t_rx_cmd_gdcount_reg[31]                     | mmc_tester_0/syscon1/syscon1/adr_sr_reg[0]_0                                       |                8 |             32 |
|  clkin             | mmc_tester_0/syscon1/syscon1/dat_sr[31]_i_1_n_0                             | mmc_tester_0/syscon1/syscon1/adr_sr_reg[0]_0                                       |               14 |             32 |
|  MMC_CLK_IBUF_BUFG | mmc_tester_0/test_cmd_receiver/t_rx_cmd_stp_bdcount_reg[31]                 | mmc_tester_0/syscon1/syscon1/adr_sr_reg[0]_0                                       |                8 |             32 |
|  clkin             | mmc_tester_0/syscon1/syscon1/adr_sr                                         | mmc_tester_0/syscon1/syscon1/adr_sr_reg[0]_0                                       |                7 |             32 |
|  MMC_CLK_IBUF_BUFG | mmc_tester_0/mmc_slave/mmc_1/cmd_receiver/adr_offset_reg_0__s_net_1         | mmc_tester_0/syscon1/syscon1/dat_reg_reg[6]                                        |                8 |             32 |
|  clkin             | mmc_tester_0/syscon1/syscon1/dma_adr_reg_reg[31][0]                         | mmc_tester_0/syscon1/syscon1/dma_adr_reg_reg[0][0]                                 |               14 |             32 |
|  MMC_CLK_IBUF_BUFG | mmc_tester_0/t_rx_dat_count_reset/t_rx_dat_count_reg_31__s_net_1            | mmc_tester_0/syscon1/syscon1/adr_sr_reg[0]_0                                       |                8 |             32 |
|  clkin             | mmc_tester_0/sd_host_0/sd_freq_reg                                          | mmc_tester_0/syscon1/syscon1/dma_adr_reg_reg[0][0]                                 |               12 |             32 |
|  clkin             | mmc_tester_0/tlm_fifo_unit/tlm_stage1                                       | mmc_tester_0/syscon1/syscon1/adr_sr_reg[0]_0                                       |               10 |             32 |
|  MMC_CLK_IBUF_BUFG |                                                                             | mmc_tester_0/syscon1/syscon1/wb_rst_i                                              |                6 |             32 |
|  MMC_CLK_IBUF_BUFG |                                                                             | mmc_tester_0/syscon1/syscon1/dat_reg_reg[6]                                        |               16 |             33 |
|  MMC_CLK_OBUF_BUFG | mmc_tester_0/sd_host_0/cmd_host_0/timeout_reg                               | mmc_tester_0/sd_host_0/cmd_host_0/crc_bit_reg_0[1]                                 |               13 |             42 |
|  MMC_CLK_IBUF_BUFG |                                                                             | mmc_tester_0/syscon1/syscon1/argument_reg_reg[31]_0[1]                             |               15 |             48 |
|  MMC_CLK_IBUF_BUFG | mmc_tester_0/test_cmd_receiver/cmd_raw_l                                    | mmc_tester_0/syscon1/syscon1/adr_sr_reg[0]_0                                       |               11 |             48 |
|  MMC_CLK_OBUF_BUFG |                                                                             | mmc_tester_0/sd_host_0/cmd_host_0/crc_bit_reg_0[1]                                 |               37 |             49 |
|  MMC_CLK_IBUF_BUFG |                                                                             | mmc_tester_0/syscon1/syscon1/rx_sr_reg_c_1                                         |               23 |             65 |
|  MMC_CLK_IBUF_BUFG |                                                                             | mmc_tester_0/syscon1/syscon1/crc_in_reg[0]                                         |               15 |             81 |
|  MMC_CLK_IBUF_BUFG |                                                                             | mmc_tester_0/syscon1/syscon1/rx_sr_reg[42]                                         |               17 |             99 |
|  MMC_CLK_IBUF_BUFG |                                                                             | mmc_tester_0/syscon1/syscon1/adr_sr_reg[0]_0                                       |               26 |            101 |
|  MMC_CLK_OBUF_BUFG |                                                                             | mmc_tester_0/sd_host_0/cmd_host_0/resp_buff_reg[42]_0[0]                           |               53 |            107 |
|  MMC_CLK_OBUF_BUFG | mmc_tester_0/sd_host_0/cmd_host_0/response_0_o[31]_i_1_n_0                  | mmc_tester_0/sd_host_0/cmd_host_0/AR[0]                                            |               27 |            121 |
|  MMC_CLK_OBUF_BUFG | mmc_tester_0/sd_host_0/sd_data_host0/crc_enable_reg_n_0                     | mmc_tester_0/sd_host_0/sd_data_host0/sd_crc_gen[7].crc_unit/crc_reg[0]_0           |               44 |            128 |
|  MMC_CLK_IBUF_BUFG | mmc_tester_0/mmc_slave/mmc_1/sd_card_d_handler/crc_enable_reg_n_0           | mmc_tester_0/mmc_slave/mmc_1/sd_card_d_handler/sd_crc_gen[7].crc_unit/crc_reg[0]_0 |               35 |            128 |
|  clkin             | hwdbg_uart/uart_wr_ctlr[255]_i_1_n_0                                        | mmc_tester_0/syscon1/syscon1/adr_sr_reg[0]_0                                       |               43 |            232 |
|  clkin             | hwdbg_uart/rdStatStb_reg_n_0                                                | mmc_tester_0/syscon1/syscon1/adr_sr_reg[0]_0                                       |               59 |            244 |
|  clkin             |                                                                             | mmc_tester_0/syscon1/syscon1/adr_sr_reg[0]_0                                       |              149 |            469 |
+--------------------+-----------------------------------------------------------------------------+------------------------------------------------------------------------------------+------------------+----------------+


+--------+-----------------------+
| Fanout | Number of ControlSets |
+--------+-----------------------+
| 1      |                    13 |
| 2      |                     6 |
| 3      |                     6 |
| 4      |                    78 |
| 5      |                    15 |
| 6      |                     9 |
| 7      |                    16 |
| 8      |                    39 |
| 9      |                    10 |
| 10     |                     2 |
| 11     |                     2 |
| 12     |                     8 |
| 13     |                     4 |
| 14     |                     7 |
| 15     |                     6 |
| 16+    |                    52 |
+--------+-----------------------+


