#-----------------------------------------------------------
# Vivado v2016.2 (64-bit)
# SW Build 1577090 on Thu Jun  2 16:32:40 MDT 2016
# IP Build 1577682 on Fri Jun  3 12:00:54 MDT 2016
# Start of session at: Wed Aug 24 19:53:17 2016
# Process ID: 7092
# Current directory: C:/Users/coop/Documents/Ampleon/s4x7/Sango_GitHub/sango/FPGA/Coop/S4
# Command line: vivado.exe -gui_launcher_event rodinguilauncherevent9152 C:\Users\coop\Documents\Ampleon\s4x7\Sango_GitHub\sango\FPGA\Coop\S4\project_1a.xpr
# Log file: C:/Users/coop/Documents/Ampleon/s4x7/Sango_GitHub/sango/FPGA/Coop/S4/vivado.log
# Journal file: C:/Users/coop/Documents/Ampleon/s4x7/Sango_GitHub/sango/FPGA/Coop/S4\vivado.jou
#-----------------------------------------------------------
start_gui
open_project C:/Users/coop/Documents/Ampleon/s4x7/Sango_GitHub/sango/FPGA/Coop/S4/project_1a.xpr
INFO: [Project 1-313] Project file moved from 'C:/Users/coop/Documents/Ampleon/s4x7/20160823_Rick-Rigby_Snapshot_Stat-Cmd' since last save.
CRITICAL WARNING: [Project 1-311] Could not find the file 'C:/Users/coop/Documents/Ampleon/s4x7/Sango_GitHub/sango/FPGA/Coop/S4/project_1a.srcs/sources_1/spi_master.v', nor could it be found using path 'C:/Users/coop/Documents/Ampleon/s4x7/20160823_Rick-Rigby_Snapshot_Stat-Cmd/project_1a.srcs/sources_1/spi_master.v'.
CRITICAL WARNING: [Project 1-311] Could not find the file 'C:/Users/coop/Documents/Ampleon/s4x7/Sango_GitHub/sango/FPGA/Coop/S4/project_1a.srcs/sources_1/opcodes.v', nor could it be found using path 'C:/Users/coop/Documents/Ampleon/s4x7/20160823_Rick-Rigby_Snapshot_Stat-Cmd/project_1a.srcs/sources_1/opcodes.v'.
CRITICAL WARNING: [Project 1-311] Could not find the file 'C:/Users/coop/Documents/Ampleon/s4x7/Sango_GitHub/sango/FPGA/Coop/S4/project_1a.srcs/sources_1/fifo_pack.vhd', nor could it be found using path 'C:/Users/coop/Documents/Ampleon/s4x7/20160823_Rick-Rigby_Snapshot_Stat-Cmd/project_1a.srcs/sources_1/fifo_pack.vhd'.
CRITICAL WARNING: [Project 1-311] Could not find the file 'C:/Users/coop/Documents/Ampleon/s4x7/Sango_GitHub/sango/FPGA/Coop/S4/archive_project_summary.txt', nor could it be found using path 'C:/Users/coop/Documents/Ampleon/s4x7/20160823_Rick-Rigby_Snapshot_Stat-Cmd/archive_project_summary.txt'.
CRITICAL WARNING: [Project 1-311] Could not find the file 'C:/Users/coop/Documents/Ampleon/s4x7/Sango_GitHub/sango/FPGA/Coop/S4/project_1a.srcs/sources_1/frequency.v', nor could it be found using path 'C:/Users/coop/Documents/Ampleon/s4x7/20160823_Rick-Rigby_Snapshot_Stat-Cmd/project_1a.srcs/sources_1/frequency.v'.
CRITICAL WARNING: [Project 1-311] Could not find the file 'C:/Users/coop/Documents/Ampleon/s4x7/Sango_GitHub/sango/FPGA/Coop/S4/project_1a.srcs/sources_1/status.h', nor could it be found using path 'C:/Users/coop/Documents/Ampleon/s4x7/20160823_Rick-Rigby_Snapshot_Stat-Cmd/project_1a.srcs/sources_1/status.h'.
CRITICAL WARNING: [Project 1-311] Could not find the file 'C:/Users/coop/Documents/Ampleon/s4x7/Sango_GitHub/sango/FPGA/Coop/S4/project_1a.srcs/sources_1/opcodes.h', nor could it be found using path 'C:/Users/coop/Documents/Ampleon/s4x7/20160823_Rick-Rigby_Snapshot_Stat-Cmd/project_1a.srcs/sources_1/opcodes.h'.
CRITICAL WARNING: [Project 1-311] Could not find the file 'C:/Users/coop/Documents/Ampleon/s4x7/Sango_GitHub/sango/FPGA/Coop/S4/project_1a.srcs/sources_1/ptn_ram.v', nor could it be found using path 'C:/Users/coop/Documents/Ampleon/s4x7/20160823_Rick-Rigby_Snapshot_Stat-Cmd/project_1a.srcs/sources_1/ptn_ram.v'.
CRITICAL WARNING: [Project 1-311] Could not find the file 'C:/Users/coop/Documents/Ampleon/s4x7/Sango_GitHub/sango/FPGA/Coop/S4/project_1a.srcs/sources_1/division.v', nor could it be found using path 'C:/Users/coop/Documents/Ampleon/s4x7/20160823_Rick-Rigby_Snapshot_Stat-Cmd/project_1a.srcs/sources_1/division.v'.
CRITICAL WARNING: [Project 1-311] Could not find the file 'C:/Users/coop/Documents/Ampleon/s4x7/Sango_GitHub/sango/FPGA/Coop/S4/project_1a.srcs/sources_1/initialize.v', nor could it be found using path 'C:/Users/coop/Documents/Ampleon/s4x7/20160823_Rick-Rigby_Snapshot_Stat-Cmd/project_1a.srcs/sources_1/initialize.v'.
CRITICAL WARNING: [Project 1-311] Could not find the file 'C:/Users/coop/Documents/Ampleon/s4x7/Sango_GitHub/sango/FPGA/Coop/S4/project_1a.srcs/sources_1/spi_arbiter.h', nor could it be found using path 'C:/Users/coop/Documents/Ampleon/s4x7/20160823_Rick-Rigby_Snapshot_Stat-Cmd/project_1a.srcs/sources_1/spi_arbiter.h'.
CRITICAL WARNING: [Project 1-311] Could not find the file 'C:/Users/coop/Documents/Ampleon/s4x7/Sango_GitHub/sango/FPGA/Coop/S4/project_1a.srcs/sources_1/queue_spi.h', nor could it be found using path 'C:/Users/coop/Documents/Ampleon/s4x7/20160823_Rick-Rigby_Snapshot_Stat-Cmd/project_1a.srcs/sources_1/queue_spi.h'.
CRITICAL WARNING: [Project 1-311] Could not find the file 'C:/Users/coop/Documents/Ampleon/s4x7/Sango_GitHub/sango/FPGA/Coop/S4/project_1a.srcs/sources_1/power.v', nor could it be found using path 'C:/Users/coop/Documents/Ampleon/s4x7/20160823_Rick-Rigby_Snapshot_Stat-Cmd/project_1a.srcs/sources_1/power.v'.
CRITICAL WARNING: [Project 1-311] Could not find the file 'C:/Users/coop/Documents/Ampleon/s4x7/Sango_GitHub/sango/FPGA/Coop/S4/project_1a.srcs/sources_1/arbiter8.v', nor could it be found using path 'C:/Users/coop/Documents/Ampleon/s4x7/20160823_Rick-Rigby_Snapshot_Stat-Cmd/project_1a.srcs/sources_1/arbiter8.v'.
CRITICAL WARNING: [Project 1-311] Could not find the file 'C:/Users/coop/Documents/Ampleon/s4x7/Sango_GitHub/sango/FPGA/Coop/S4/project_1a.srcs/sources_1/pulse.v', nor could it be found using path 'C:/Users/coop/Documents/Ampleon/s4x7/20160823_Rick-Rigby_Snapshot_Stat-Cmd/project_1a.srcs/sources_1/pulse.v'.
CRITICAL WARNING: [Project 1-311] Could not find the file 'C:/Users/coop/Documents/Ampleon/s4x7/Sango_GitHub/sango/FPGA/Coop/S4/project_1a.srcs/sources_1/bias.v', nor could it be found using path 'C:/Users/coop/Documents/Ampleon/s4x7/20160823_Rick-Rigby_Snapshot_Stat-Cmd/project_1a.srcs/sources_1/bias.v'.
CRITICAL WARNING: [Project 1-311] Could not find the file 'C:/Users/coop/Documents/Ampleon/s4x7/Sango_GitHub/sango/FPGA/Coop/S4/project_1a.srcs/sources_1/patterns.h', nor could it be found using path 'C:/Users/coop/Documents/Ampleon/s4x7/20160823_Rick-Rigby_Snapshot_Stat-Cmd/project_1a.srcs/sources_1/patterns.h'.
CRITICAL WARNING: [Project 1-311] Could not find the file 'C:/Users/coop/Documents/Ampleon/s4x7/Sango_GitHub/sango/FPGA/Coop/S4/project_1a.srcs/sources_1/uart.v', nor could it be found using path 'C:/Users/coop/Documents/Ampleon/s4x7/20160823_Rick-Rigby_Snapshot_Stat-Cmd/project_1a.srcs/sources_1/uart.v'.
CRITICAL WARNING: [Project 1-311] Could not find the file 'C:/Users/coop/Documents/Ampleon/s4x7/Sango_GitHub/sango/FPGA/Coop/S4/project_1a.srcs/sources_1/xmtr.v', nor could it be found using path 'C:/Users/coop/Documents/Ampleon/s4x7/20160823_Rick-Rigby_Snapshot_Stat-Cmd/project_1a.srcs/sources_1/xmtr.v'.
CRITICAL WARNING: [Project 1-311] Could not find the file 'C:/Users/coop/Documents/Ampleon/s4x7/Sango_GitHub/sango/FPGA/Coop/S4/project_1a.srcs/sources_1/rcvr.v', nor could it be found using path 'C:/Users/coop/Documents/Ampleon/s4x7/20160823_Rick-Rigby_Snapshot_Stat-Cmd/project_1a.srcs/sources_1/rcvr.v'.
CRITICAL WARNING: [Project 1-311] Could not find the file 'C:/Users/coop/Documents/Ampleon/s4x7/Sango_GitHub/sango/FPGA/Coop/S4/project_1a.srcs/sources_1/spi_mux.v', nor could it be found using path 'C:/Users/coop/Documents/Ampleon/s4x7/20160823_Rick-Rigby_Snapshot_Stat-Cmd/project_1a.srcs/sources_1/spi_mux.v'.
CRITICAL WARNING: [Project 1-311] Could not find the file 'C:/Users/coop/Documents/Ampleon/s4x7/Sango_GitHub/sango/FPGA/Coop/S4/project_1a.srcs/sources_1/top.v', nor could it be found using path 'C:/Users/coop/Documents/Ampleon/s4x7/20160823_Rick-Rigby_Snapshot_Stat-Cmd/project_1a.srcs/sources_1/top.v'.
CRITICAL WARNING: [Project 1-311] Could not find the file 'C:/Users/coop/Documents/Ampleon/s4x7/Sango_GitHub/sango/FPGA/Coop/S4/project_1a.srcs/sources_1/timescale.v', nor could it be found using path 'C:/Users/coop/Documents/Ampleon/s4x7/20160823_Rick-Rigby_Snapshot_Stat-Cmd/project_1a.srcs/sources_1/timescale.v'.
CRITICAL WARNING: [Project 1-311] Could not find the file 'C:/Users/coop/Documents/Ampleon/s4x7/Sango_GitHub/sango/FPGA/Coop/S4/project_1a.srcs/sources_1/version.v', nor could it be found using path 'C:/Users/coop/Documents/Ampleon/s4x7/20160823_Rick-Rigby_Snapshot_Stat-Cmd/project_1a.srcs/sources_1/version.v'.
CRITICAL WARNING: [Project 1-311] Could not find the file 'C:/Users/coop/Documents/Ampleon/s4x7/Sango_GitHub/sango/FPGA/Coop/S4/project_1a.srcs/constrs_1/Arty_Master.xdc', nor could it be found using path 'C:/Users/coop/Documents/Ampleon/s4x7/20160823_Rick-Rigby_Snapshot_Stat-Cmd/project_1a.srcs/constrs_1/Arty_Master.xdc'.
CRITICAL WARNING: [Project 1-311] Could not find the file 'C:/Users/coop/Documents/Ampleon/s4x7/Sango_GitHub/sango/FPGA/Coop/S4/project_1a.srcs/sim_1/testbench.v', nor could it be found using path 'C:/Users/coop/Documents/Ampleon/s4x7/20160823_Rick-Rigby_Snapshot_Stat-Cmd/project_1a.srcs/sim_1/testbench.v'.
CRITICAL WARNING: [Project 1-311] Could not find the file 'C:/Users/coop/Documents/Ampleon/s4x7/Sango_GitHub/sango/FPGA/Coop/S4/project_1a.srcs/sources_1/ptn_ram.v', nor could it be found using path 'C:/Users/coop/Documents/Ampleon/s4x7/20160823_Rick-Rigby_Snapshot_Stat-Cmd/project_1a.srcs/sources_1/ptn_ram.v'.
CRITICAL WARNING: [Project 1-311] Could not find the file 'C:/Users/coop/Documents/Ampleon/s4x7/Sango_GitHub/sango/FPGA/Coop/S4/project_1a.srcs/sources_1/ip/divider32/divider32.xci', nor could it be found using path 'C:/Users/coop/Documents/Ampleon/s4x7/20160823_Rick-Rigby_Snapshot_Stat-Cmd/project_1a.srcs/sources_1/ip/divider32/divider32.xci'.
CRITICAL WARNING: [Project 1-311] Could not find the file 'C:/Users/coop/Documents/Ampleon/s4x7/Sango_GitHub/sango/FPGA/Coop/S4/project_1a.srcs/sources_1/ip/mult48/mult48.xci', nor could it be found using path 'C:/Users/coop/Documents/Ampleon/s4x7/20160823_Rick-Rigby_Snapshot_Stat-Cmd/project_1a.srcs/sources_1/ip/mult48/mult48.xci'.
CRITICAL WARNING: [Project 1-311] Could not find the file 'C:/Users/coop/Documents/Ampleon/s4x7/Sango_GitHub/sango/FPGA/Coop/S4/project_1a.srcs/sources_1/ip/clkgen/clkgen.xci', nor could it be found using path 'C:/Users/coop/Documents/Ampleon/s4x7/20160823_Rick-Rigby_Snapshot_Stat-Cmd/project_1a.srcs/sources_1/ip/clkgen/clkgen.xci'.
CRITICAL WARNING: [Project 1-311] Could not find the file 'C:/Users/coop/Documents/Ampleon/s4x7/Sango_GitHub/sango/FPGA/Coop/S4/project_1a.srcs/sources_1/ip/fifo_dualclock/fifo_dualclock.xci', nor could it be found using path 'C:/Users/coop/Documents/Ampleon/s4x7/20160823_Rick-Rigby_Snapshot_Stat-Cmd/project_1a.srcs/sources_1/ip/fifo_dualclock/fifo_dualclock.xci'.
Scanning sources...
Finished scanning sources
WARNING: [filemgmt 56-2] IPUserFilesDir: Could not find the directory 'C:/Users/coop/Documents/Ampleon/s4x7/Sango_GitHub/sango/FPGA/Coop/S4/project_1.ip_user_files', nor could it be found using path 'C:/Users/coop/Documents/Ampleon/s4x7/20160823_Rick-Rigby_Snapshot_Stat-Cmd/project_1.ip_user_files'.
INFO: [IP_Flow 19-234] Refreshing IP repositories
INFO: [IP_Flow 19-1704] No user IP repositories specified
INFO: [IP_Flow 19-2313] Loaded Vivado IP repository 'C:/Xilinx/Vivado/2016.2/data/ip'.
open_project: Time (s): cpu = 00:00:22 ; elapsed = 00:00:09 . Memory (MB): peak = 777.891 ; gain = 136.004
close_project
****** Webtalk v2016.2 (64-bit)
  **** SW Build 1577090 on Thu Jun  2 16:32:40 MDT 2016
  **** IP Build 1577682 on Fri Jun  3 12:00:54 MDT 2016
    ** Copyright 1986-2016 Xilinx, Inc. All Rights Reserved.

source C:/Users/coop/Documents/Ampleon/s4x7/Sango_GitHub/sango/FPGA/Coop/S4/project_1a.hw/webtalk/labtool_webtalk.tcl -notrace
INFO: [Common 17-206] Exiting Webtalk at Wed Aug 24 19:54:01 2016...
open_project C:/Users/coop/Documents/Ampleon/s4x7/Sango_GitHub/sango/FPGA/Coop/S4/project_1.xpr
CRITICAL WARNING: [Project 1-19] Could not find the file 'C:/Users/coop/Documents/Ampleon/s4x7/Sango_GitHub/sango/FPGA/Coop/S4/project_1.srcs/sources_1/spi_master.v'.
CRITICAL WARNING: [Project 1-19] Could not find the file 'C:/Users/coop/Documents/Ampleon/s4x7/Sango_GitHub/sango/FPGA/Coop/S4/project_1.srcs/sources_1/opcodes.v'.
CRITICAL WARNING: [Project 1-19] Could not find the file 'C:/Users/coop/Documents/Ampleon/s4x7/Sango_GitHub/sango/FPGA/Coop/S4/project_1.srcs/sources_1/fifo_pack.vhd'.
CRITICAL WARNING: [Project 1-19] Could not find the file 'C:/Users/coop/Documents/Ampleon/s4x7/Sango_GitHub/sango/FPGA/Coop/S4/archive_project_summary.txt'.
CRITICAL WARNING: [Project 1-19] Could not find the file 'C:/Users/coop/Documents/Ampleon/s4x7/Sango_GitHub/sango/FPGA/Coop/S4/project_1.srcs/sources_1/frequency.v'.
CRITICAL WARNING: [Project 1-19] Could not find the file 'C:/Users/coop/Documents/Ampleon/s4x7/Sango_GitHub/sango/FPGA/Coop/S4/project_1.srcs/sources_1/status.h'.
CRITICAL WARNING: [Project 1-19] Could not find the file 'C:/Users/coop/Documents/Ampleon/s4x7/Sango_GitHub/sango/FPGA/Coop/S4/project_1.srcs/sources_1/opcodes.h'.
CRITICAL WARNING: [Project 1-19] Could not find the file 'C:/Users/coop/Documents/Ampleon/s4x7/Sango_GitHub/sango/FPGA/Coop/S4/project_1.srcs/sources_1/ptn_ram.v'.
CRITICAL WARNING: [Project 1-19] Could not find the file 'C:/Users/coop/Documents/Ampleon/s4x7/Sango_GitHub/sango/FPGA/Coop/S4/project_1.srcs/sources_1/division.v'.
CRITICAL WARNING: [Project 1-19] Could not find the file 'C:/Users/coop/Documents/Ampleon/s4x7/Sango_GitHub/sango/FPGA/Coop/S4/project_1.srcs/sources_1/initialize.v'.
CRITICAL WARNING: [Project 1-19] Could not find the file 'C:/Users/coop/Documents/Ampleon/s4x7/Sango_GitHub/sango/FPGA/Coop/S4/project_1.srcs/sources_1/spi_arbiter.h'.
CRITICAL WARNING: [Project 1-19] Could not find the file 'C:/Users/coop/Documents/Ampleon/s4x7/Sango_GitHub/sango/FPGA/Coop/S4/project_1.srcs/sources_1/queue_spi.h'.
CRITICAL WARNING: [Project 1-19] Could not find the file 'C:/Users/coop/Documents/Ampleon/s4x7/Sango_GitHub/sango/FPGA/Coop/S4/project_1.srcs/sources_1/power.v'.
CRITICAL WARNING: [Project 1-19] Could not find the file 'C:/Users/coop/Documents/Ampleon/s4x7/Sango_GitHub/sango/FPGA/Coop/S4/project_1.srcs/sources_1/arbiter8.v'.
CRITICAL WARNING: [Project 1-19] Could not find the file 'C:/Users/coop/Documents/Ampleon/s4x7/Sango_GitHub/sango/FPGA/Coop/S4/project_1.srcs/sources_1/pulse.v'.
CRITICAL WARNING: [Project 1-19] Could not find the file 'C:/Users/coop/Documents/Ampleon/s4x7/Sango_GitHub/sango/FPGA/Coop/S4/project_1.srcs/sources_1/bias.v'.
CRITICAL WARNING: [Project 1-19] Could not find the file 'C:/Users/coop/Documents/Ampleon/s4x7/Sango_GitHub/sango/FPGA/Coop/S4/project_1.srcs/sources_1/patterns.h'.
CRITICAL WARNING: [Project 1-19] Could not find the file 'C:/Users/coop/Documents/Ampleon/s4x7/Sango_GitHub/sango/FPGA/Coop/S4/project_1.srcs/sources_1/uart.v'.
CRITICAL WARNING: [Project 1-19] Could not find the file 'C:/Users/coop/Documents/Ampleon/s4x7/Sango_GitHub/sango/FPGA/Coop/S4/project_1.srcs/sources_1/xmtr.v'.
CRITICAL WARNING: [Project 1-19] Could not find the file 'C:/Users/coop/Documents/Ampleon/s4x7/Sango_GitHub/sango/FPGA/Coop/S4/project_1.srcs/sources_1/rcvr.v'.
CRITICAL WARNING: [Project 1-19] Could not find the file 'C:/Users/coop/Documents/Ampleon/s4x7/Sango_GitHub/sango/FPGA/Coop/S4/project_1.srcs/sources_1/spi_mux.v'.
CRITICAL WARNING: [Project 1-19] Could not find the file 'C:/Users/coop/Documents/Ampleon/s4x7/Sango_GitHub/sango/FPGA/Coop/S4/project_1.srcs/sources_1/top.v'.
CRITICAL WARNING: [Project 1-19] Could not find the file 'C:/Users/coop/Documents/Ampleon/s4x7/Sango_GitHub/sango/FPGA/Coop/S4/project_1.srcs/sources_1/timescale.v'.
CRITICAL WARNING: [Project 1-19] Could not find the file 'C:/Users/coop/Documents/Ampleon/s4x7/Sango_GitHub/sango/FPGA/Coop/S4/project_1.srcs/sources_1/version.v'.
CRITICAL WARNING: [Project 1-19] Could not find the file 'C:/Users/coop/Documents/Ampleon/s4x7/Sango_GitHub/sango/FPGA/Coop/S4/project_1.srcs/constrs_1/Arty_Master.xdc'.
CRITICAL WARNING: [Project 1-19] Could not find the file 'C:/Users/coop/Documents/Ampleon/s4x7/Sango_GitHub/sango/FPGA/Coop/S4/project_1.srcs/sim_1/testbench.v'.
CRITICAL WARNING: [Project 1-19] Could not find the file 'C:/Users/coop/Documents/Ampleon/s4x7/Sango_GitHub/sango/FPGA/Coop/S4/project_1.srcs/sources_1/ptn_ram.v'.
CRITICAL WARNING: [Project 1-19] Could not find the file 'C:/Users/coop/Documents/Ampleon/s4x7/Sango_GitHub/sango/FPGA/Coop/S4/project_1.srcs/sources_1/ip/divider32/divider32.xci'.
CRITICAL WARNING: [Project 1-19] Could not find the file 'C:/Users/coop/Documents/Ampleon/s4x7/Sango_GitHub/sango/FPGA/Coop/S4/project_1.srcs/sources_1/ip/mult48/mult48.xci'.
CRITICAL WARNING: [Project 1-19] Could not find the file 'C:/Users/coop/Documents/Ampleon/s4x7/Sango_GitHub/sango/FPGA/Coop/S4/project_1.srcs/sources_1/ip/clkgen/clkgen.xci'.
CRITICAL WARNING: [Project 1-19] Could not find the file 'C:/Users/coop/Documents/Ampleon/s4x7/Sango_GitHub/sango/FPGA/Coop/S4/project_1.srcs/sources_1/ip/fifo_dualclock/fifo_dualclock.xci'.
Scanning sources...
Finished scanning sources
WARNING: [filemgmt 56-3] IPUserFilesDir: Could not find the directory 'C:/Users/coop/Documents/Ampleon/s4x7/Sango_GitHub/sango/FPGA/Coop/S4/project_1.ip_user_files'.
INFO: [IP_Flow 19-234] Refreshing IP repositories
INFO: [IP_Flow 19-1704] No user IP repositories specified
INFO: [IP_Flow 19-2313] Loaded Vivado IP repository 'C:/Xilinx/Vivado/2016.2/data/ip'.
open_project: Time (s): cpu = 00:00:11 ; elapsed = 00:00:05 . Memory (MB): peak = 777.891 ; gain = 0.000
close_project
****** Webtalk v2016.2 (64-bit)
  **** SW Build 1577090 on Thu Jun  2 16:32:40 MDT 2016
  **** IP Build 1577682 on Fri Jun  3 12:00:54 MDT 2016
    ** Copyright 1986-2016 Xilinx, Inc. All Rights Reserved.

source C:/Users/coop/Documents/Ampleon/s4x7/Sango_GitHub/sango/FPGA/Coop/S4/project_1.hw/webtalk/labtool_webtalk.tcl -notrace
INFO: [Common 17-206] Exiting Webtalk at Wed Aug 24 19:56:27 2016...
open_project C:/Users/coop/Documents/Ampleon/ARTY/ARTY_sw_btn_led/Arty_sw_btn_Demo.xpr
Scanning sources...
Finished scanning sources
INFO: [IP_Flow 19-234] Refreshing IP repositories
INFO: [IP_Flow 19-1704] No user IP repositories specified
INFO: [IP_Flow 19-2313] Loaded Vivado IP repository 'C:/Xilinx/Vivado/2016.2/data/ip'.
open_project: Time (s): cpu = 00:00:08 ; elapsed = 00:00:05 . Memory (MB): peak = 795.539 ; gain = 0.000
update_compile_order -fileset sources_1
close_project
****** Webtalk v2016.2 (64-bit)
  **** SW Build 1577090 on Thu Jun  2 16:32:40 MDT 2016
  **** IP Build 1577682 on Fri Jun  3 12:00:54 MDT 2016
    ** Copyright 1986-2016 Xilinx, Inc. All Rights Reserved.

source C:/Users/coop/Documents/Ampleon/ARTY/ARTY_sw_btn_led/Arty_sw_btn_Demo.hw/webtalk/labtool_webtalk.tcl -notrace
INFO: [Common 17-206] Exiting Webtalk at Wed Aug 24 19:56:41 2016...
exit
INFO: [Common 17-206] Exiting Vivado at Wed Aug 24 20:23:30 2016...
